[debug] [2024-08-18T13:05:55.372Z] ----------------------------------------------------------------------
[debug] [2024-08-18T13:05:55.374Z] Command:       C:\Program Files\nodejs\node.exe C:\Users\HP PAVILION PLUS 14\AppData\Roaming\npm\node_modules\firebase-tools\lib\bin\firebase.js init
[debug] [2024-08-18T13:05:55.374Z] CLI Version:   13.14.2
[debug] [2024-08-18T13:05:55.375Z] Platform:      win32
[debug] [2024-08-18T13:05:55.375Z] Node Version:  v18.20.4
[debug] [2024-08-18T13:05:55.375Z] Time:          Sun Aug 18 2024 16:05:55 GMT+0300 (East Africa Time)
[debug] [2024-08-18T13:05:55.376Z] ----------------------------------------------------------------------
[debug] 
[debug] [2024-08-18T13:05:55.383Z] > command requires scopes: ["email","openid","https://www.googleapis.com/auth/cloudplatformprojects.readonly","https://www.googleapis.com/auth/firebase","https://www.googleapis.com/auth/cloud-platform"]
[debug] [2024-08-18T13:05:55.384Z] > authorizing via signed-in user (yimenutemesgen64@gmail.com)
[info] 
     ######## #### ########  ######## ########     ###     ######  ########
     ##        ##  ##     ## ##       ##     ##  ##   ##  ##       ##
     ######    ##  ########  ######   ########  #########  ######  ######
     ##        ##  ##    ##  ##       ##     ## ##     ##       ## ##
     ##       #### ##     ## ######## ########  ##     ##  ######  ########

You're about to initialize a Firebase project in this directory:

  D:\evangadi\amazon\amazon-clone-2024

[info] 
=== Project Setup
[info] 
[info] First, let's associate this project directory with a Firebase project.
[info] You can create multiple project aliases by running firebase use --add, 
[info] but for now we'll just set up a default project.
[info] 
[debug] [2024-08-18T13:06:11.368Z] >>> [apiv2][query] GET https://firebase.googleapis.com/v1beta1/projects pageSize=100
[debug] [2024-08-18T13:06:12.247Z] <<< [apiv2][status] GET https://firebase.googleapis.com/v1beta1/projects 200
[debug] [2024-08-18T13:06:12.248Z] <<< [apiv2][body] GET https://firebase.googleapis.com/v1beta1/projects [omitted]
[info] i  Using project clone-efb1b (amazon-clone) 
[info] 
=== Functions Setup
[debug] [2024-08-18T13:06:17.836Z] > command requires scopes: ["email","openid","https://www.googleapis.com/auth/cloudplatformprojects.readonly","https://www.googleapis.com/auth/firebase","https://www.googleapis.com/auth/cloud-platform"]
[debug] [2024-08-18T13:06:17.837Z] > authorizing via signed-in user (yimenutemesgen64@gmail.com)
[debug] [2024-08-18T13:06:17.837Z] [iam] checking project clone-efb1b for permissions ["firebase.projects.get"]
[debug] [2024-08-18T13:06:17.839Z] >>> [apiv2][query] POST https://cloudresourcemanager.googleapis.com/v1/projects/clone-efb1b:testIamPermissions [none]
[debug] [2024-08-18T13:06:17.839Z] >>> [apiv2][(partial)header] POST https://cloudresourcemanager.googleapis.com/v1/projects/clone-efb1b:testIamPermissions x-goog-quota-user=projects/clone-efb1b
[debug] [2024-08-18T13:06:17.839Z] >>> [apiv2][body] POST https://cloudresourcemanager.googleapis.com/v1/projects/clone-efb1b:testIamPermissions {"permissions":["firebase.projects.get"]}
[debug] [2024-08-18T13:06:38.887Z] *** [apiv2] error from fetch(https://cloudresourcemanager.googleapis.com/v1/projects/clone-efb1b:testIamPermissions, {"headers":{},"method":"POST","body":"{\"permissions\":[\"firebase.projects.get\"]}"}): FetchError: request to https://cloudresourcemanager.googleapis.com/v1/projects/clone-efb1b:testIamPermissions failed, reason: connect ETIMEDOUT 74.125.128.95:443
[debug] [2024-08-18T13:06:38.887Z] [iam] error while checking permissions, command may fail: FirebaseError: Failed to make request to https://cloudresourcemanager.googleapis.com/v1/projects/clone-efb1b:testIamPermissions
[debug] [2024-08-18T13:06:38.888Z] >>> [apiv2][query] GET https://serviceusage.googleapis.com/v1/projects/clone-efb1b/services/cloudfunctions.googleapis.com [none]
[debug] [2024-08-18T13:06:38.888Z] >>> [apiv2][(partial)header] GET https://serviceusage.googleapis.com/v1/projects/clone-efb1b/services/cloudfunctions.googleapis.com x-goog-quota-user=projects/clone-efb1b
[debug] [2024-08-18T13:06:38.890Z] >>> [apiv2][query] GET https://serviceusage.googleapis.com/v1/projects/clone-efb1b/services/runtimeconfig.googleapis.com [none]
[debug] [2024-08-18T13:06:38.890Z] >>> [apiv2][(partial)header] GET https://serviceusage.googleapis.com/v1/projects/clone-efb1b/services/runtimeconfig.googleapis.com x-goog-quota-user=projects/clone-efb1b
[debug] [2024-08-18T13:06:40.195Z] <<< [apiv2][status] GET https://serviceusage.googleapis.com/v1/projects/clone-efb1b/services/runtimeconfig.googleapis.com 200
[debug] [2024-08-18T13:06:40.195Z] <<< [apiv2][body] GET https://serviceusage.googleapis.com/v1/projects/clone-efb1b/services/runtimeconfig.googleapis.com [omitted]
[debug] [2024-08-18T13:06:40.346Z] <<< [apiv2][status] GET https://serviceusage.googleapis.com/v1/projects/clone-efb1b/services/cloudfunctions.googleapis.com 200
[debug] [2024-08-18T13:06:40.346Z] <<< [apiv2][body] GET https://serviceusage.googleapis.com/v1/projects/clone-efb1b/services/cloudfunctions.googleapis.com [omitted]
[info] Let's create a new codebase for your functions.
[info] A directory corresponding to the codebase will be created in your project
[info] with sample code pre-configured.

[info] See https://firebase.google.com/docs/functions/organize-functions for
[info] more information on organizing your functions using codebases.

[info] Functions can be deployed with firebase deploy.

[info] +  Wrote functions/package.json 
[info] +  Wrote functions/index.js 
[info] +  Wrote functions/.gitignore 
[info] 
[info] i  Writing configuration info to firebase.json... 
[info] i  Writing project information to .firebaserc... 
[info] 
[info] +  Firebase initialization complete! 
[debug] [2024-08-18T13:09:56.222Z] Error: Timed out.
    at Timeout._onTimeout (C:\Users\HP PAVILION PLUS 14\AppData\Roaming\npm\node_modules\firebase-tools\lib\utils.js:268:49)
    at listOnTimeout (node:internal/timers:569:17)
    at process.processTimers (node:internal/timers:512:7)
[error] 
[error] Error: An unexpected error has occurred.
